Using pre-set license
Built from '2020.3/staging' branch; Version is '2020.3.9f1 (108be757e447) revision 1084391'; Using compiler version '192528614'; Build Type 'Release'
OS: 'Windows 10 Pro; OS build 19042.1348; Version 2009; 64bit' Language: 'en' Physical Memory: 8080 MB
BatchMode: 1, IsHumanControllingUs: 0, StartBugReporterOnCrash: 0, Is64bit: 1, IsPro: 0

 COMMAND LINE ARGUMENTS:
C:\Program Files\Unity\Hub\Editor\2020.3.9f1\Editor\Unity.exe
-adb2
-batchMode
-noUpm
-name
AssetImportWorker0
-projectPath
E:/Assignment_arvr3/Assignment/cutscene_assignment
-logFile
Logs/AssetImportWorker0.log
-srvPort
59916
Successfully changed project path to: E:/Assignment_arvr3/Assignment/cutscene_assignment
E:/Assignment_arvr3/Assignment/cutscene_assignment
Using Asset Import Pipeline V2.
Refreshing native plugins compatible for Editor in 38.35 ms, found 0 plugins.
Preloading 0 native plugins for Editor in 0.00 ms.
Initialize engine version: 2020.3.9f1 (108be757e447)
[Subsystems] Discovering subsystems at path C:/Program Files/Unity/Hub/Editor/2020.3.9f1/Editor/Data/Resources/UnitySubsystems
[Subsystems] Discovering subsystems at path E:/Assignment_arvr3/Assignment/cutscene_assignment/Assets
GfxDevice: creating device client; threaded=0
Direct3D:
    Version:  Direct3D 11.0 [level 10.1]
    Renderer: Intel(R) HD Graphics (ID=0x102)
    Vendor:   
    VRAM:     128 MB
    Driver:   9.17.10.4459
Initialize mono
Mono path[0] = 'C:/Program Files/Unity/Hub/Editor/2020.3.9f1/Editor/Data/Managed'
Mono path[1] = 'C:/Program Files/Unity/Hub/Editor/2020.3.9f1/Editor/Data/MonoBleedingEdge/lib/mono/unityjit'
Mono config path = 'C:/Program Files/Unity/Hub/Editor/2020.3.9f1/Editor/Data/MonoBleedingEdge/etc'
Using monoOptions --debugger-agent=transport=dt_socket,embedding=1,server=y,suspend=n,address=127.0.0.1:56556
Begin MonoManager ReloadAssembly
Registering precompiled unity dll's ...
Register platform support module: C:/Program Files/Unity/Hub/Editor/2020.3.9f1/Editor/Data/PlaybackEngines/WindowsStandaloneSupport/UnityEditor.WindowsStandalone.Extensions.dll
Registered in 0.003029 seconds.
Native extension for WindowsStandalone target not found
Refreshing native plugins compatible for Editor in 45.01 ms, found 0 plugins.
Preloading 0 native plugins for Editor in 0.00 ms.
Mono: successfully reloaded assembly
- Completed reload, in 12.865 seconds
Platform modules already initialized, skipping
Registering precompiled user dll's ...
Registered in 0.007053 seconds.
Begin MonoManager ReloadAssembly
Native extension for WindowsStandalone target not found
Refreshing native plugins compatible for Editor in 0.42 ms, found 0 plugins.
Preloading 0 native plugins for Editor in 0.00 ms.
Mono: successfully reloaded assembly
- Completed reload, in  1.320 seconds
Platform modules already initialized, skipping
========================================================================
Worker process is ready to serve import requests
Launched and connected shader compiler UnityShaderCompiler.exe after 0.18 seconds
Refreshing native plugins compatible for Editor in 0.36 ms, found 0 plugins.
Preloading 0 native plugins for Editor in 0.00 ms.
Unloading 1276 Unused Serialized files (Serialized files now loaded: 0)
System memory in use before: 64.9 MB.
System memory in use after: 65.0 MB.

Unloading 11 unused Assets to reduce memory usage. Loaded Objects now: 1718.
Total: 2.314400 ms (FindLiveObjects: 0.182900 ms CreateObjectMapping: 0.062400 ms MarkObjects: 1.931500 ms  DeleteObjects: 0.135000 ms)

========================================================================
Received Import Request.
  path: Assets/Sounds/Roblox Death Sound - Sound Effect (HD).mp3
  artifactKey: Guid(b57e15ce31d896f46a317283225b448e) Importer(815301076,1909f56bfc062723c751e8b465ee728b)
Start importing Assets/Sounds/Roblox Death Sound - Sound Effect (HD).mp3 using Guid(b57e15ce31d896f46a317283225b448e) Importer(815301076,1909f56bfc062723c751e8b465ee728b)  -> (artifact id: '4260d7c21b87d4e440fa01d14e08a5f3') in 0.229045 seconds
  Import took 0.256744 seconds .

========================================================================
Received Prepare
Refreshing native plugins compatible for Editor in 0.88 ms, found 0 plugins.
Preloading 0 native plugins for Editor in 0.00 ms.
Unloading 3 Unused Serialized files (Serialized files now loaded: 0)
System memory in use before: 41.6 MB.
System memory in use after: 41.7 MB.

Unloading 3 unused Assets to reduce memory usage. Loaded Objects now: 1727.
Total: 2.638000 ms (FindLiveObjects: 0.151000 ms CreateObjectMapping: 0.052200 ms MarkObjects: 2.353500 ms  DeleteObjects: 0.079700 ms)

========================================================================
Received Prepare
Registering precompiled user dll's ...
Registered in 0.001343 seconds.
Begin MonoManager ReloadAssembly
Native extension for WindowsStandalone target not found
Refreshing native plugins compatible for Editor in 0.44 ms, found 3 plugins.
Preloading 0 native plugins for Editor in 0.00 ms.
Mono: successfully reloaded assembly
- Completed reload, in  1.107 seconds
Platform modules already initialized, skipping
Refreshing native plugins compatible for Editor in 0.44 ms, found 3 plugins.
Preloading 0 native plugins for Editor in 0.00 ms.
Unloading 1399 Unused Serialized files (Serialized files now loaded: 0)
System memory in use before: 70.9 MB.
System memory in use after: 70.8 MB.

Unloading 19 unused Assets to reduce memory usage. Loaded Objects now: 1860.
Total: 2.255200 ms (FindLiveObjects: 0.149900 ms CreateObjectMapping: 0.057900 ms MarkObjects: 1.848500 ms  DeleteObjects: 0.197500 ms)

========================================================================
Received Prepare
Refreshing native plugins compatible for Editor in 3.16 ms, found 3 plugins.
Preloading 0 native plugins for Editor in 0.00 ms.
Unloading 16 Unused Serialized files (Serialized files now loaded: 0)
System memory in use before: 43.4 MB.
System memory in use after: 43.3 MB.

Unloading 16 unused Assets to reduce memory usage. Loaded Objects now: 1860.
Total: 2.748800 ms (FindLiveObjects: 0.161600 ms CreateObjectMapping: 0.057500 ms MarkObjects: 2.288400 ms  DeleteObjects: 0.239600 ms)

AssetImportWorkerClient::OnTransportError - code=2 error=End of file
