Using pre-set license
Built from '2020.3/staging' branch; Version is '2020.3.9f1 (108be757e447) revision 1084391'; Using compiler version '192528614'; Build Type 'Release'
OS: 'Windows 10 Pro; OS build 22000.376; Version 2009; 64bit' Language: 'en' Physical Memory: 16326 MB
BatchMode: 1, IsHumanControllingUs: 0, StartBugReporterOnCrash: 0, Is64bit: 1, IsPro: 0

 COMMAND LINE ARGUMENTS:
C:\Program Files\Unity\Hub\Editor\2020.3.9f1\Editor\Unity.exe
-adb2
-batchMode
-noUpm
-name
AssetImportWorker0
-projectPath
Z:/Unity stuff/cutscene_assignment
-logFile
Logs/AssetImportWorker0.log
-srvPort
60415
Successfully changed project path to: Z:/Unity stuff/cutscene_assignment
Z:/Unity stuff/cutscene_assignment
Using Asset Import Pipeline V2.
Refreshing native plugins compatible for Editor in 17.85 ms, found 0 plugins.
Preloading 0 native plugins for Editor in 0.00 ms.
Initialize engine version: 2020.3.9f1 (108be757e447)
[Subsystems] Discovering subsystems at path C:/Program Files/Unity/Hub/Editor/2020.3.9f1/Editor/Data/Resources/UnitySubsystems
[Subsystems] Discovering subsystems at path Z:/Unity stuff/cutscene_assignment/Assets
GfxDevice: creating device client; threaded=0
Direct3D:
    Version:  Direct3D 11.0 [level 11.1]
    Renderer: NVIDIA GeForce RTX 2060 SUPER (ID=0x1f06)
    Vendor:   
    VRAM:     8031 MB
    Driver:   30.0.14.9649
Initialize mono
Mono path[0] = 'C:/Program Files/Unity/Hub/Editor/2020.3.9f1/Editor/Data/Managed'
Mono path[1] = 'C:/Program Files/Unity/Hub/Editor/2020.3.9f1/Editor/Data/MonoBleedingEdge/lib/mono/unityjit'
Mono config path = 'C:/Program Files/Unity/Hub/Editor/2020.3.9f1/Editor/Data/MonoBleedingEdge/etc'
Using monoOptions --debugger-agent=transport=dt_socket,embedding=1,server=y,suspend=n,address=127.0.0.1:56468
Begin MonoManager ReloadAssembly
Registering precompiled unity dll's ...
Register platform support module: C:/Program Files/Unity/Hub/Editor/2020.3.9f1/Editor/Data/PlaybackEngines/WindowsStandaloneSupport/UnityEditor.WindowsStandalone.Extensions.dll
Registered in 0.001097 seconds.
Native extension for WindowsStandalone target not found
Refreshing native plugins compatible for Editor in 19.08 ms, found 0 plugins.
Preloading 0 native plugins for Editor in 0.00 ms.
Mono: successfully reloaded assembly
- Completed reload, in  0.726 seconds
Platform modules already initialized, skipping
Registering precompiled user dll's ...
Registered in 0.000365 seconds.
Begin MonoManager ReloadAssembly
Native extension for WindowsStandalone target not found
Refreshing native plugins compatible for Editor in 0.24 ms, found 0 plugins.
Preloading 0 native plugins for Editor in 0.00 ms.
Mono: successfully reloaded assembly
- Completed reload, in  0.552 seconds
Platform modules already initialized, skipping
========================================================================
Worker process is ready to serve import requests
Launched and connected shader compiler UnityShaderCompiler.exe after 0.03 seconds
Refreshing native plugins compatible for Editor in 0.39 ms, found 0 plugins.
Preloading 0 native plugins for Editor in 0.00 ms.
Unloading 1276 Unused Serialized files (Serialized files now loaded: 0)
System memory in use before: 64.5 MB.
System memory in use after: 64.6 MB.

Unloading 11 unused Assets to reduce memory usage. Loaded Objects now: 1718.
Total: 1.429100 ms (FindLiveObjects: 0.111800 ms CreateObjectMapping: 0.029200 ms MarkObjects: 1.224500 ms  DeleteObjects: 0.063000 ms)

========================================================================
Received Import Request.
  path: Assets/western/scenes/Cutscene.playable
  artifactKey: Guid(625b37da84da22a42b5861ce1a5c47f9) Importer(815301076,1909f56bfc062723c751e8b465ee728b)
Start importing Assets/western/scenes/Cutscene.playable using Guid(625b37da84da22a42b5861ce1a5c47f9) Importer(815301076,1909f56bfc062723c751e8b465ee728b)  -> (artifact id: 'fe11f03b403d188cb38478b0586eb23b') in 0.043946 seconds
  Import took 0.046054 seconds .

========================================================================
Received Import Request.
  Time since last request: 4.972031 seconds.
  path: Assets/RioGrande.ttf
  artifactKey: Guid(013a3e9ac0fcd9c4daff4e18cd120aa3) Importer(815301076,1909f56bfc062723c751e8b465ee728b)
Start importing Assets/RioGrande.ttf using Guid(013a3e9ac0fcd9c4daff4e18cd120aa3) Importer(815301076,1909f56bfc062723c751e8b465ee728b)  -> (artifact id: 'c6ca14ea879ce94ba4f65c8fbf49389f') in 0.067707 seconds
  Import took 0.069976 seconds .

========================================================================
Received Import Request.
  Time since last request: 63.229873 seconds.
  path: Assets/RioGrande SDF.asset
  artifactKey: Guid(49a3a9dd0296ba348915b68e68e599a0) Importer(815301076,1909f56bfc062723c751e8b465ee728b)
Start importing Assets/RioGrande SDF.asset using Guid(49a3a9dd0296ba348915b68e68e599a0) Importer(815301076,1909f56bfc062723c751e8b465ee728b)  -> (artifact id: '42f3ac135a568de38f7c2a471ea31388') in 0.029052 seconds
  Import took 0.031295 seconds .

========================================================================
Received Prepare
Registering precompiled user dll's ...
Registered in 0.000322 seconds.
Begin MonoManager ReloadAssembly
Native extension for WindowsStandalone target not found
Refreshing native plugins compatible for Editor in 0.24 ms, found 0 plugins.
Preloading 0 native plugins for Editor in 0.00 ms.
Mono: successfully reloaded assembly
- Completed reload, in  0.570 seconds
Platform modules already initialized, skipping
Refreshing native plugins compatible for Editor in 0.26 ms, found 0 plugins.
Preloading 0 native plugins for Editor in 0.00 ms.
Unloading 1256 Unused Serialized files (Serialized files now loaded: 0)
System memory in use before: 66.5 MB.
System memory in use after: 66.6 MB.

Unloading 6 unused Assets to reduce memory usage. Loaded Objects now: 1765.
Total: 1.392600 ms (FindLiveObjects: 0.113500 ms CreateObjectMapping: 0.025700 ms MarkObjects: 1.210000 ms  DeleteObjects: 0.042700 ms)

========================================================================
Received Import Request.
  Time since last request: 388.958982 seconds.
  path: Assets/RioGrande SDF.asset
  artifactKey: Guid(49a3a9dd0296ba348915b68e68e599a0) Importer(815301076,1909f56bfc062723c751e8b465ee728b)
Start importing Assets/RioGrande SDF.asset using Guid(49a3a9dd0296ba348915b68e68e599a0) Importer(815301076,1909f56bfc062723c751e8b465ee728b)  -> (artifact id: '63db822425b045748ab2e183fa74c292') in 0.070567 seconds
  Import took 0.072853 seconds .

========================================================================
Received Import Request.
  Time since last request: 1.725695 seconds.
  path: Assets
  artifactKey: Guid(00000000000000001000000000000000) Importer(815301076,1909f56bfc062723c751e8b465ee728b)
Start importing Assets using Guid(00000000000000001000000000000000) Importer(815301076,1909f56bfc062723c751e8b465ee728b)  -> (artifact id: '42d402b061de3733987d63b9cc3b64de') in 0.004965 seconds
  Import took 0.007173 seconds .

========================================================================
Received Import Request.
  Time since last request: 5.896500 seconds.
  path: Assets/Sounds
  artifactKey: Guid(87c6fd143f93f9e4695a556609808d79) Importer(815301076,1909f56bfc062723c751e8b465ee728b)
Start importing Assets/Sounds using Guid(87c6fd143f93f9e4695a556609808d79) Importer(815301076,1909f56bfc062723c751e8b465ee728b)  -> (artifact id: '4b2e5cd78bbf0e59399596c01e5acb07') in 0.006618 seconds
  Import took 0.009377 seconds .

========================================================================
Received Import Request.
  Time since last request: 449.974491 seconds.
  path: Assets/gun-gunshot-01.wav
  artifactKey: Guid(833b5605ef3541c4980715becfdfee8d) Importer(815301076,1909f56bfc062723c751e8b465ee728b)
Start importing Assets/gun-gunshot-01.wav using Guid(833b5605ef3541c4980715becfdfee8d) Importer(815301076,1909f56bfc062723c751e8b465ee728b)  -> (artifact id: '20cae041c9470cddd05767faefef10bd') in 0.041962 seconds
  Import took 0.044654 seconds .

========================================================================
Received Import Request.
  Time since last request: 0.000132 seconds.
  path: Assets/train-crossing-bell-01.mp3
  artifactKey: Guid(b52537658753568429007158ba89dd45) Importer(815301076,1909f56bfc062723c751e8b465ee728b)
Start importing Assets/train-crossing-bell-01.mp3 using Guid(b52537658753568429007158ba89dd45) Importer(815301076,1909f56bfc062723c751e8b465ee728b)  -> (artifact id: 'd0378bac9b8938f175584629b41c069c') in 0.010473 seconds
  Import took 0.013260 seconds .

========================================================================
Received Import Request.
  Time since last request: 0.000169 seconds.
  path: Assets/The good the bad and the ugly - Theme.wav
  artifactKey: Guid(1400c0a0b259f914fa7c8301b7440a99) Importer(815301076,1909f56bfc062723c751e8b465ee728b)
Start importing Assets/The good the bad and the ugly - Theme.wav using Guid(1400c0a0b259f914fa7c8301b7440a99) Importer(815301076,1909f56bfc062723c751e8b465ee728b)  -> (artifact id: '28f54b6f8ae6f34898033ff76fa59cbb') in 0.012186 seconds
  Import took 0.013952 seconds .

========================================================================
Received Import Request.
  Time since last request: 0.000122 seconds.
  path: Assets/train-crossing-bell-01.wav
  artifactKey: Guid(2297462040cb4e543880a53ca40f4fa1) Importer(815301076,1909f56bfc062723c751e8b465ee728b)
Start importing Assets/train-crossing-bell-01.wav using Guid(2297462040cb4e543880a53ca40f4fa1) Importer(815301076,1909f56bfc062723c751e8b465ee728b)  -> (artifact id: '61ad4d5741748b25ffc753cc2f9f7115') in 0.010918 seconds
  Import took 0.012818 seconds .

========================================================================
Received Import Request.
  Time since last request: 0.000119 seconds.
  path: Assets/The good the bad and the ugly - Theme.mp3
  artifactKey: Guid(f6f42b80ad0933f4b8c9a5b8ef8215e3) Importer(815301076,1909f56bfc062723c751e8b465ee728b)
Start importing Assets/The good the bad and the ugly - Theme.mp3 using Guid(f6f42b80ad0933f4b8c9a5b8ef8215e3) Importer(815301076,1909f56bfc062723c751e8b465ee728b)  -> (artifact id: '5e2110515f0c3f813ebe2bf226596764') in 0.011520 seconds
  Import took 0.013316 seconds .

AssetImportWorkerClient::OnTransportError - code=2 error=End of file
